<?xml version="1.0" encoding="UTF-8"?>
<!-- Generated by org.testng.reporters.JUnitReportReporter -->
<testsuite skipped="16" hostname="D572R1G2" name="Automation.PS.ThirdPartyCheck.BrushfireTest" tests="17" failures="0" timestamp="06 Feb 2019 18:51:10 GMT" time="6.183" errors="1">
  <testcase name="RunBrushfire" time="0.000" classname="Automation.PS.ThirdPartyCheck.BrushfireTest">
    <skipped/>
  </testcase> <!-- RunBrushfire -->
  <testcase name="RunBrushfire" time="0.000" classname="Automation.PS.ThirdPartyCheck.BrushfireTest">
    <skipped/>
  </testcase> <!-- RunBrushfire -->
  <testcase name="SetUp" time="6.183" classname="Automation.PS.ThirdPartyCheck.BrushfireTest">
    <error type="org.openqa.selenium.NoSuchWindowException" message="no such window: target window already closed
from unknown error: web view not found
  (Session info: chrome=71.0.3578.98)
  (Driver info: chromedriver=2.41.578737 (49da6702b16031c40d63e5618de03a32ff6c197e),platform=Windows NT 6.1.7601 SP1 x86_64) (WARNING: The server did not provide any stacktrace information)
Command duration or timeout: 0 milliseconds
Build info: version: &#039;3.11.0&#039;, revision: &#039;e59cfb3&#039;, time: &#039;2018-03-11T20:26:55.152Z&#039;
System info: host: &#039;D572R1G2&#039;, ip: &#039;192.168.112.212&#039;, os.name: &#039;Windows 7&#039;, os.arch: &#039;amd64&#039;, os.version: &#039;6.1&#039;, java.version: &#039;1.8.0_201&#039;
Driver info: org.openqa.selenium.chrome.ChromeDriver
Capabilities {acceptInsecureCerts: false, acceptSslCerts: false, applicationCacheEnabled: false, browserConnectionEnabled: false, browserName: chrome, chrome: {chromedriverVersion: 2.41.578737 (49da6702b16031..., userDataDir: C:\Users\dcohen\AppData\Loc...}, cssSelectorsEnabled: true, databaseEnabled: false, goog:chromeOptions: {debuggerAddress: localhost:61890}, handlesAlerts: true, hasTouchScreen: false, javascriptEnabled: true, locationContextEnabled: true, mobileEmulationEnabled: false, nativeEvents: true, networkConnectionEnabled: false, pageLoadStrategy: normal, platform: XP, platformName: XP, rotatable: false, setWindowRect: true, takesHeapSnapshot: true, takesScreenshot: true, unexpectedAlertBehaviour: , unhandledPromptBehavior: , version: 71.0.3578.98, webStorageEnabled: true}
Session ID: bc77048f3c9594d92720ae64a277011a
*** Element info: {Using=id, value=username}">
      <![CDATA[org.openqa.selenium.NoSuchWindowException: no such window: target window already closed
from unknown error: web view not found
  (Session info: chrome=71.0.3578.98)
  (Driver info: chromedriver=2.41.578737 (49da6702b16031c40d63e5618de03a32ff6c197e),platform=Windows NT 6.1.7601 SP1 x86_64) (WARNING: The server did not provide any stacktrace information)
Command duration or timeout: 0 milliseconds
Build info: version: '3.11.0', revision: 'e59cfb3', time: '2018-03-11T20:26:55.152Z'
System info: host: 'D572R1G2', ip: '192.168.112.212', os.name: 'Windows 7', os.arch: 'amd64', os.version: '6.1', java.version: '1.8.0_201'
Driver info: org.openqa.selenium.chrome.ChromeDriver
Capabilities {acceptInsecureCerts: false, acceptSslCerts: false, applicationCacheEnabled: false, browserConnectionEnabled: false, browserName: chrome, chrome: {chromedriverVersion: 2.41.578737 (49da6702b16031..., userDataDir: C:\Users\dcohen\AppData\Loc...}, cssSelectorsEnabled: true, databaseEnabled: false, goog:chromeOptions: {debuggerAddress: localhost:61890}, handlesAlerts: true, hasTouchScreen: false, javascriptEnabled: true, locationContextEnabled: true, mobileEmulationEnabled: false, nativeEvents: true, networkConnectionEnabled: false, pageLoadStrategy: normal, platform: XP, platformName: XP, rotatable: false, setWindowRect: true, takesHeapSnapshot: true, takesScreenshot: true, unexpectedAlertBehaviour: , unhandledPromptBehavior: , version: 71.0.3578.98, webStorageEnabled: true}
Session ID: bc77048f3c9594d92720ae64a277011a
*** Element info: {Using=id, value=username}
at sun.reflect.NativeConstructorAccessorImpl.newInstance0(Native Method)
at sun.reflect.NativeConstructorAccessorImpl.newInstance(NativeConstructorAccessorImpl.java:62)
at sun.reflect.DelegatingConstructorAccessorImpl.newInstance(DelegatingConstructorAccessorImpl.java:45)
at java.lang.reflect.Constructor.newInstance(Constructor.java:423)
at org.openqa.selenium.remote.ErrorHandler.createThrowable(ErrorHandler.java:214)
at org.openqa.selenium.remote.ErrorHandler.throwIfResponseFailed(ErrorHandler.java:166)
at org.openqa.selenium.remote.http.JsonHttpResponseCodec.reconstructValue(JsonHttpResponseCodec.java:40)
at org.openqa.selenium.remote.http.AbstractHttpResponseCodec.decode(AbstractHttpResponseCodec.java:80)
at org.openqa.selenium.remote.http.AbstractHttpResponseCodec.decode(AbstractHttpResponseCodec.java:44)
at org.openqa.selenium.remote.HttpCommandExecutor.execute(HttpCommandExecutor.java:158)
at org.openqa.selenium.remote.service.DriverCommandExecutor.execute(DriverCommandExecutor.java:83)
at org.openqa.selenium.remote.RemoteWebDriver.execute(RemoteWebDriver.java:545)
at org.openqa.selenium.remote.RemoteWebDriver.findElement(RemoteWebDriver.java:319)
at org.openqa.selenium.remote.RemoteWebDriver.findElementById(RemoteWebDriver.java:365)
at org.openqa.selenium.By$ById.findElement(By.java:218)
at org.openqa.selenium.remote.RemoteWebDriver.findElement(RemoteWebDriver.java:311)
at Automation.PS.testBase.TestBase.InitAgentLogin(TestBase.java:81)
at Automation.PS.ThirdPartyCheck.BrushfireTest.SetUp(BrushfireTest.java:47)
at sun.reflect.NativeMethodAccessorImpl.invoke0(Native Method)
at sun.reflect.NativeMethodAccessorImpl.invoke(NativeMethodAccessorImpl.java:62)
at sun.reflect.DelegatingMethodAccessorImpl.invoke(DelegatingMethodAccessorImpl.java:43)
at java.lang.reflect.Method.invoke(Method.java:498)
at org.testng.internal.MethodInvocationHelper.invokeMethod(MethodInvocationHelper.java:124)
at org.testng.internal.MethodInvocationHelper.invokeMethodConsideringTimeout(MethodInvocationHelper.java:59)
at org.testng.internal.Invoker.invokeConfigurationMethod(Invoker.java:458)
at org.testng.internal.Invoker.invokeConfigurations(Invoker.java:222)
at org.testng.internal.Invoker.invokeConfigurations(Invoker.java:142)
at org.testng.TestRunner.beforeRun(TestRunner.java:529)
at org.testng.TestRunner.run(TestRunner.java:497)
at org.testng.SuiteRunner.runTest(SuiteRunner.java:455)
at org.testng.SuiteRunner.runSequentially(SuiteRunner.java:450)
at org.testng.SuiteRunner.privateRun(SuiteRunner.java:415)
at org.testng.SuiteRunner.run(SuiteRunner.java:364)
at org.testng.SuiteRunnerWorker.runSuite(SuiteRunnerWorker.java:52)
at org.testng.SuiteRunnerWorker.run(SuiteRunnerWorker.java:84)
at org.testng.TestNG.runSuitesSequentially(TestNG.java:1208)
at org.testng.TestNG.runSuitesLocally(TestNG.java:1137)
at org.testng.TestNG.runSuites(TestNG.java:1049)
at org.testng.TestNG.run(TestNG.java:1017)
at org.testng.remote.AbstractRemoteTestNG.run(AbstractRemoteTestNG.java:114)
at org.testng.remote.RemoteTestNG.initAndRun(RemoteTestNG.java:251)
at org.testng.remote.RemoteTestNG.main(RemoteTestNG.java:77)
]]>
    </error>
  </testcase> <!-- SetUp -->
  <testcase name="RunBrushfire" time="0.000" classname="Automation.PS.ThirdPartyCheck.BrushfireTest">
    <skipped/>
  </testcase> <!-- RunBrushfire -->
  <testcase name="RunBrushfire" time="0.000" classname="Automation.PS.ThirdPartyCheck.BrushfireTest">
    <skipped/>
  </testcase> <!-- RunBrushfire -->
  <testcase name="RunBrushfire" time="0.000" classname="Automation.PS.ThirdPartyCheck.BrushfireTest">
    <skipped/>
  </testcase> <!-- RunBrushfire -->
  <testcase name="RunBrushfire" time="0.000" classname="Automation.PS.ThirdPartyCheck.BrushfireTest">
    <skipped/>
  </testcase> <!-- RunBrushfire -->
  <testcase name="RunBrushfire" time="0.000" classname="Automation.PS.ThirdPartyCheck.BrushfireTest">
    <skipped/>
  </testcase> <!-- RunBrushfire -->
  <testcase name="RunBrushfire" time="0.000" classname="Automation.PS.ThirdPartyCheck.BrushfireTest">
    <skipped/>
  </testcase> <!-- RunBrushfire -->
  <testcase name="RunBrushfire" time="0.000" classname="Automation.PS.ThirdPartyCheck.BrushfireTest">
    <skipped/>
  </testcase> <!-- RunBrushfire -->
  <testcase name="RunBrushfire" time="0.000" classname="Automation.PS.ThirdPartyCheck.BrushfireTest">
    <skipped/>
  </testcase> <!-- RunBrushfire -->
  <testcase name="RunBrushfire" time="0.000" classname="Automation.PS.ThirdPartyCheck.BrushfireTest">
    <skipped/>
  </testcase> <!-- RunBrushfire -->
  <testcase name="RunBrushfire" time="0.000" classname="Automation.PS.ThirdPartyCheck.BrushfireTest">
    <skipped/>
  </testcase> <!-- RunBrushfire -->
  <testcase name="RunBrushfire" time="0.000" classname="Automation.PS.ThirdPartyCheck.BrushfireTest">
    <skipped/>
  </testcase> <!-- RunBrushfire -->
  <testcase name="RunBrushfire" time="0.000" classname="Automation.PS.ThirdPartyCheck.BrushfireTest">
    <skipped/>
  </testcase> <!-- RunBrushfire -->
  <testcase name="RunBrushfire" time="0.000" classname="Automation.PS.ThirdPartyCheck.BrushfireTest">
    <skipped/>
  </testcase> <!-- RunBrushfire -->
  <testcase name="RunBrushfire" time="0.000" classname="Automation.PS.ThirdPartyCheck.BrushfireTest">
    <skipped/>
  </testcase> <!-- RunBrushfire -->
</testsuite> <!-- Automation.PS.ThirdPartyCheck.BrushfireTest -->
